2024-02-23T15:10:19.971+01:00  INFO 29608 --- [main] P.P.ProjetFilRougeEquipeApplication      : Starting ProjetFilRougeEquipeApplication using Java 17.0.9 with PID 29608 (C:\Users\Administrateur\Downloads\ProjetFilRougeEquipe\ProjetFilRougeEquipe\target\classes started by Administrateur in C:\Users\Administrateur\Downloads\ProjetFilRougeEquipe\ProjetFilRougeEquipe)
2024-02-23T15:10:19.973+01:00  INFO 29608 --- [main] P.P.ProjetFilRougeEquipeApplication      : No active profile set, falling back to 1 default profile: "default"
2024-02-23T15:10:20.357+01:00  INFO 29608 --- [main] .s.d.r.c.RepositoryConfigurationDelegate : Multiple Spring Data modules found, entering strict repository configuration mode
2024-02-23T15:10:20.359+01:00  INFO 29608 --- [main] .s.d.r.c.RepositoryConfigurationDelegate : Bootstrapping Spring Data JDBC repositories in DEFAULT mode.
2024-02-23T15:10:20.378+01:00  INFO 29608 --- [main] .RepositoryConfigurationExtensionSupport : Spring Data JDBC - Could not safely identify store assignment for repository candidate interface ProjetFilRougeEquipe.ProjetFilRougeEquipe.repositories.CommandeRepository; If you want this repository to be a JDBC repository, consider annotating your entities with one of these annotations: org.springframework.data.relational.core.mapping.Table.
2024-02-23T15:10:20.379+01:00  INFO 29608 --- [main] .RepositoryConfigurationExtensionSupport : Spring Data JDBC - Could not safely identify store assignment for repository candidate interface ProjetFilRougeEquipe.ProjetFilRougeEquipe.repositories.PlatRepository; If you want this repository to be a JDBC repository, consider annotating your entities with one of these annotations: org.springframework.data.relational.core.mapping.Table.
2024-02-23T15:10:20.381+01:00  INFO 29608 --- [main] .RepositoryConfigurationExtensionSupport : Spring Data JDBC - Could not safely identify store assignment for repository candidate interface ProjetFilRougeEquipe.ProjetFilRougeEquipe.repositories.ReservationRepository; If you want this repository to be a JDBC repository, consider annotating your entities with one of these annotations: org.springframework.data.relational.core.mapping.Table.
2024-02-23T15:10:20.382+01:00  INFO 29608 --- [main] .RepositoryConfigurationExtensionSupport : Spring Data JDBC - Could not safely identify store assignment for repository candidate interface ProjetFilRougeEquipe.ProjetFilRougeEquipe.repositories.TableRepository; If you want this repository to be a JDBC repository, consider annotating your entities with one of these annotations: org.springframework.data.relational.core.mapping.Table.
2024-02-23T15:10:20.382+01:00  INFO 29608 --- [main] .s.d.r.c.RepositoryConfigurationDelegate : Finished Spring Data repository scanning in 19 ms. Found 0 JDBC repository interfaces.
2024-02-23T15:10:20.388+01:00  INFO 29608 --- [main] .s.d.r.c.RepositoryConfigurationDelegate : Multiple Spring Data modules found, entering strict repository configuration mode
2024-02-23T15:10:20.389+01:00  INFO 29608 --- [main] .s.d.r.c.RepositoryConfigurationDelegate : Bootstrapping Spring Data JPA repositories in DEFAULT mode.
2024-02-23T15:10:20.407+01:00  INFO 29608 --- [main] .s.d.r.c.RepositoryConfigurationDelegate : Finished Spring Data repository scanning in 16 ms. Found 4 JPA repository interfaces.
2024-02-23T15:10:20.696+01:00  INFO 29608 --- [main] o.s.b.w.embedded.tomcat.TomcatWebServer  : Tomcat initialized with port 8080 (http)
2024-02-23T15:10:20.705+01:00  INFO 29608 --- [main] o.apache.catalina.core.StandardService   : Starting service [Tomcat]
2024-02-23T15:10:20.706+01:00  INFO 29608 --- [main] o.apache.catalina.core.StandardEngine    : Starting Servlet engine: [Apache Tomcat/10.1.18]
2024-02-23T15:10:20.744+01:00  INFO 29608 --- [main] o.a.c.c.C.[Tomcat].[localhost].[/]       : Initializing Spring embedded WebApplicationContext
2024-02-23T15:10:20.745+01:00  INFO 29608 --- [main] w.s.c.ServletWebServerApplicationContext : Root WebApplicationContext: initialization completed in 743 ms
2024-02-23T15:10:20.877+01:00  INFO 29608 --- [main] o.hibernate.jpa.internal.util.LogHelper  : HHH000204: Processing PersistenceUnitInfo [name: default]
2024-02-23T15:10:20.905+01:00  INFO 29608 --- [main] org.hibernate.Version                    : HHH000412: Hibernate ORM core version 6.4.1.Final
2024-02-23T15:10:20.924+01:00  INFO 29608 --- [main] o.h.c.internal.RegionFactoryInitiator    : HHH000026: Second-level cache disabled
2024-02-23T15:10:21.047+01:00  INFO 29608 --- [main] o.s.o.j.p.SpringPersistenceUnitInfo      : No LoadTimeWeaver setup: ignoring JPA class transformer
2024-02-23T15:10:21.061+01:00  INFO 29608 --- [main] com.zaxxer.hikari.HikariDataSource       : HikariPool-1 - Starting...
2024-02-23T15:10:21.230+01:00  INFO 29608 --- [main] com.zaxxer.hikari.pool.HikariPool        : HikariPool-1 - Added connection ConnectionID:1 ClientConnectionId: 3bfb0686-9201-4819-921d-6f28b26a9ebc
2024-02-23T15:10:21.232+01:00  INFO 29608 --- [main] com.zaxxer.hikari.HikariDataSource       : HikariPool-1 - Start completed.
2024-02-23T15:10:21.858+01:00  INFO 29608 --- [main] o.h.e.t.j.p.i.JtaPlatformInitiator       : HHH000489: No JTA platform available (set 'hibernate.transaction.jta.platform' to enable JTA platform integration)
2024-02-23T15:10:21.860+01:00  INFO 29608 --- [main] j.LocalContainerEntityManagerFactoryBean : Initialized JPA EntityManagerFactory for persistence unit 'default'
2024-02-23T15:10:22.119+01:00  WARN 29608 --- [main] JpaBaseConfiguration$JpaWebConfiguration : spring.jpa.open-in-view is enabled by default. Therefore, database queries may be performed during view rendering. Explicitly configure spring.jpa.open-in-view to disable this warning
2024-02-23T15:10:22.334+01:00  WARN 29608 --- [main] o.s.data.convert.CustomConversions       : Registering converter from class microsoft.sql.DateTimeOffset to class java.time.OffsetDateTime as reading converter although it doesn't convert from a store-supported type; You might want to check your annotation setup at the converter implementation
2024-02-23T15:10:22.387+01:00  INFO 29608 --- [main] o.s.b.w.embedded.tomcat.TomcatWebServer  : Tomcat started on port 8080 (http) with context path ''
2024-02-23T15:10:22.396+01:00  INFO 29608 --- [main] P.P.ProjetFilRougeEquipeApplication      : Started ProjetFilRougeEquipeApplication in 2.667 seconds (process running for 2.907)
2024-02-23T15:10:22.398+01:00  INFO 29608 --- [main] P.P.ProjetFilRougeEquipeApplication      : Message informatif
2024-02-23T15:10:22.399+01:00  WARN 29608 --- [main] P.P.ProjetFilRougeEquipeApplication      : Message d'avertissement
2024-02-23T15:10:22.568+01:00  INFO 29608 --- [http-nio-8080-exec-1] o.a.c.c.C.[Tomcat].[localhost].[/]       : Initializing Spring DispatcherServlet 'dispatcherServlet'
2024-02-23T15:10:22.569+01:00  INFO 29608 --- [http-nio-8080-exec-1] o.s.web.servlet.DispatcherServlet        : Initializing Servlet 'dispatcherServlet'
2024-02-23T15:10:22.570+01:00  INFO 29608 --- [http-nio-8080-exec-1] o.s.web.servlet.DispatcherServlet        : Completed initialization in 1 ms
2024-02-23T15:10:22.999+01:00  INFO 29608 --- [http-nio-8080-exec-4] o.springdoc.api.AbstractOpenApiResource  : Init duration for springdoc-openapi is: 186 ms
2024-02-23T15:49:01.184+01:00  INFO 29608 --- [SpringApplicationShutdownHook] j.LocalContainerEntityManagerFactoryBean : Closing JPA EntityManagerFactory for persistence unit 'default'
2024-02-23T15:49:01.186+01:00  INFO 29608 --- [SpringApplicationShutdownHook] com.zaxxer.hikari.HikariDataSource       : HikariPool-1 - Shutdown initiated...
2024-02-23T15:49:01.190+01:00  INFO 29608 --- [SpringApplicationShutdownHook] com.zaxxer.hikari.HikariDataSource       : HikariPool-1 - Shutdown completed.
2024-02-23T15:49:07.721+01:00  INFO 15672 --- [main] P.P.ProjetFilRougeEquipeApplication      : Starting ProjetFilRougeEquipeApplication using Java 17.0.9 with PID 15672 (C:\Users\Administrateur\Downloads\ProjetFilRougeEquipe\ProjetFilRougeEquipe\target\classes started by Administrateur in C:\Users\Administrateur\Downloads\ProjetFilRougeEquipe\ProjetFilRougeEquipe)
2024-02-23T15:49:07.723+01:00  INFO 15672 --- [main] P.P.ProjetFilRougeEquipeApplication      : No active profile set, falling back to 1 default profile: "default"
2024-02-23T15:49:08.086+01:00  INFO 15672 --- [main] .s.d.r.c.RepositoryConfigurationDelegate : Multiple Spring Data modules found, entering strict repository configuration mode
2024-02-23T15:49:08.087+01:00  INFO 15672 --- [main] .s.d.r.c.RepositoryConfigurationDelegate : Bootstrapping Spring Data JDBC repositories in DEFAULT mode.
2024-02-23T15:49:08.105+01:00  INFO 15672 --- [main] .RepositoryConfigurationExtensionSupport : Spring Data JDBC - Could not safely identify store assignment for repository candidate interface ProjetFilRougeEquipe.ProjetFilRougeEquipe.repositories.CommandeRepository; If you want this repository to be a JDBC repository, consider annotating your entities with one of these annotations: org.springframework.data.relational.core.mapping.Table.
2024-02-23T15:49:08.105+01:00  INFO 15672 --- [main] .RepositoryConfigurationExtensionSupport : Spring Data JDBC - Could not safely identify store assignment for repository candidate interface ProjetFilRougeEquipe.ProjetFilRougeEquipe.repositories.PlatRepository; If you want this repository to be a JDBC repository, consider annotating your entities with one of these annotations: org.springframework.data.relational.core.mapping.Table.
2024-02-23T15:49:08.106+01:00  INFO 15672 --- [main] .RepositoryConfigurationExtensionSupport : Spring Data JDBC - Could not safely identify store assignment for repository candidate interface ProjetFilRougeEquipe.ProjetFilRougeEquipe.repositories.ReservationRepository; If you want this repository to be a JDBC repository, consider annotating your entities with one of these annotations: org.springframework.data.relational.core.mapping.Table.
2024-02-23T15:49:08.107+01:00  INFO 15672 --- [main] .RepositoryConfigurationExtensionSupport : Spring Data JDBC - Could not safely identify store assignment for repository candidate interface ProjetFilRougeEquipe.ProjetFilRougeEquipe.repositories.TableRepository; If you want this repository to be a JDBC repository, consider annotating your entities with one of these annotations: org.springframework.data.relational.core.mapping.Table.
2024-02-23T15:49:08.107+01:00  INFO 15672 --- [main] .s.d.r.c.RepositoryConfigurationDelegate : Finished Spring Data repository scanning in 18 ms. Found 0 JDBC repository interfaces.
2024-02-23T15:49:08.113+01:00  INFO 15672 --- [main] .s.d.r.c.RepositoryConfigurationDelegate : Multiple Spring Data modules found, entering strict repository configuration mode
2024-02-23T15:49:08.113+01:00  INFO 15672 --- [main] .s.d.r.c.RepositoryConfigurationDelegate : Bootstrapping Spring Data JPA repositories in DEFAULT mode.
2024-02-23T15:49:08.127+01:00  INFO 15672 --- [main] .s.d.r.c.RepositoryConfigurationDelegate : Finished Spring Data repository scanning in 11 ms. Found 4 JPA repository interfaces.
2024-02-23T15:49:08.399+01:00  INFO 15672 --- [main] o.s.b.w.embedded.tomcat.TomcatWebServer  : Tomcat initialized with port 8080 (http)
2024-02-23T15:49:08.406+01:00  INFO 15672 --- [main] o.apache.catalina.core.StandardService   : Starting service [Tomcat]
2024-02-23T15:49:08.407+01:00  INFO 15672 --- [main] o.apache.catalina.core.StandardEngine    : Starting Servlet engine: [Apache Tomcat/10.1.18]
2024-02-23T15:49:08.443+01:00  INFO 15672 --- [main] o.a.c.c.C.[Tomcat].[localhost].[/]       : Initializing Spring embedded WebApplicationContext
2024-02-23T15:49:08.443+01:00  INFO 15672 --- [main] w.s.c.ServletWebServerApplicationContext : Root WebApplicationContext: initialization completed in 696 ms
2024-02-23T15:49:08.574+01:00  INFO 15672 --- [main] o.hibernate.jpa.internal.util.LogHelper  : HHH000204: Processing PersistenceUnitInfo [name: default]
2024-02-23T15:49:08.602+01:00  INFO 15672 --- [main] org.hibernate.Version                    : HHH000412: Hibernate ORM core version 6.4.1.Final
2024-02-23T15:49:08.621+01:00  INFO 15672 --- [main] o.h.c.internal.RegionFactoryInitiator    : HHH000026: Second-level cache disabled
2024-02-23T15:49:08.740+01:00  INFO 15672 --- [main] o.s.o.j.p.SpringPersistenceUnitInfo      : No LoadTimeWeaver setup: ignoring JPA class transformer
2024-02-23T15:49:08.754+01:00  INFO 15672 --- [main] com.zaxxer.hikari.HikariDataSource       : HikariPool-1 - Starting...
2024-02-23T15:49:08.907+01:00  INFO 15672 --- [main] com.zaxxer.hikari.pool.HikariPool        : HikariPool-1 - Added connection ConnectionID:1 ClientConnectionId: 5205a377-e833-4b37-b230-7ac5e1fc770d
2024-02-23T15:49:08.909+01:00  INFO 15672 --- [main] com.zaxxer.hikari.HikariDataSource       : HikariPool-1 - Start completed.
2024-02-23T15:49:09.475+01:00  INFO 15672 --- [main] o.h.e.t.j.p.i.JtaPlatformInitiator       : HHH000489: No JTA platform available (set 'hibernate.transaction.jta.platform' to enable JTA platform integration)
2024-02-23T15:49:09.477+01:00  INFO 15672 --- [main] j.LocalContainerEntityManagerFactoryBean : Initialized JPA EntityManagerFactory for persistence unit 'default'
2024-02-23T15:49:09.711+01:00  WARN 15672 --- [main] JpaBaseConfiguration$JpaWebConfiguration : spring.jpa.open-in-view is enabled by default. Therefore, database queries may be performed during view rendering. Explicitly configure spring.jpa.open-in-view to disable this warning
2024-02-23T15:49:09.908+01:00  WARN 15672 --- [main] o.s.data.convert.CustomConversions       : Registering converter from class microsoft.sql.DateTimeOffset to class java.time.OffsetDateTime as reading converter although it doesn't convert from a store-supported type; You might want to check your annotation setup at the converter implementation
2024-02-23T15:49:09.962+01:00  INFO 15672 --- [main] o.s.b.w.embedded.tomcat.TomcatWebServer  : Tomcat started on port 8080 (http) with context path ''
2024-02-23T15:49:09.970+01:00  INFO 15672 --- [main] P.P.ProjetFilRougeEquipeApplication      : Started ProjetFilRougeEquipeApplication in 2.476 seconds (process running for 2.72)
2024-02-23T15:49:09.972+01:00  INFO 15672 --- [main] P.P.ProjetFilRougeEquipeApplication      : Message informatif
2024-02-23T15:49:09.972+01:00  WARN 15672 --- [main] P.P.ProjetFilRougeEquipeApplication      : Message d'avertissement
2024-02-23T15:49:21.113+01:00  INFO 15672 --- [http-nio-8080-exec-1] o.a.c.c.C.[Tomcat].[localhost].[/]       : Initializing Spring DispatcherServlet 'dispatcherServlet'
2024-02-23T15:49:21.113+01:00  INFO 15672 --- [http-nio-8080-exec-1] o.s.web.servlet.DispatcherServlet        : Initializing Servlet 'dispatcherServlet'
2024-02-23T15:49:21.114+01:00  INFO 15672 --- [http-nio-8080-exec-1] o.s.web.servlet.DispatcherServlet        : Completed initialization in 1 ms
2024-02-23T15:49:21.482+01:00  INFO 15672 --- [http-nio-8080-exec-4] o.springdoc.api.AbstractOpenApiResource  : Init duration for springdoc-openapi is: 185 ms
2024-02-23T15:58:54.335+01:00  INFO 15672 --- [SpringApplicationShutdownHook] j.LocalContainerEntityManagerFactoryBean : Closing JPA EntityManagerFactory for persistence unit 'default'
2024-02-23T15:58:54.337+01:00  INFO 15672 --- [SpringApplicationShutdownHook] com.zaxxer.hikari.HikariDataSource       : HikariPool-1 - Shutdown initiated...
2024-02-23T15:58:54.340+01:00  INFO 15672 --- [SpringApplicationShutdownHook] com.zaxxer.hikari.HikariDataSource       : HikariPool-1 - Shutdown completed.
2024-02-23T16:59:07.018+01:00  INFO 28628 --- [main] P.P.ProjetFilRougeEquipeApplication      : Starting ProjetFilRougeEquipeApplication using Java 17.0.9 with PID 28628 (C:\Users\Administrateur\Downloads\ProjetFilRougeEquipe\ProjetFilRougeEquipe\target\classes started by Administrateur in C:\Users\Administrateur\Downloads\ProjetFilRougeEquipe\ProjetFilRougeEquipe)
2024-02-23T16:59:07.019+01:00  INFO 28628 --- [main] P.P.ProjetFilRougeEquipeApplication      : No active profile set, falling back to 1 default profile: "default"
2024-02-23T16:59:07.418+01:00  INFO 28628 --- [main] .s.d.r.c.RepositoryConfigurationDelegate : Multiple Spring Data modules found, entering strict repository configuration mode
2024-02-23T16:59:07.419+01:00  INFO 28628 --- [main] .s.d.r.c.RepositoryConfigurationDelegate : Bootstrapping Spring Data JDBC repositories in DEFAULT mode.
2024-02-23T16:59:07.437+01:00  INFO 28628 --- [main] .RepositoryConfigurationExtensionSupport : Spring Data JDBC - Could not safely identify store assignment for repository candidate interface ProjetFilRougeEquipe.ProjetFilRougeEquipe.repositories.CommandeRepository; If you want this repository to be a JDBC repository, consider annotating your entities with one of these annotations: org.springframework.data.relational.core.mapping.Table.
2024-02-23T16:59:07.439+01:00  INFO 28628 --- [main] .RepositoryConfigurationExtensionSupport : Spring Data JDBC - Could not safely identify store assignment for repository candidate interface ProjetFilRougeEquipe.ProjetFilRougeEquipe.repositories.PlatRepository; If you want this repository to be a JDBC repository, consider annotating your entities with one of these annotations: org.springframework.data.relational.core.mapping.Table.
2024-02-23T16:59:07.440+01:00  INFO 28628 --- [main] .RepositoryConfigurationExtensionSupport : Spring Data JDBC - Could not safely identify store assignment for repository candidate interface ProjetFilRougeEquipe.ProjetFilRougeEquipe.repositories.ReservationRepository; If you want this repository to be a JDBC repository, consider annotating your entities with one of these annotations: org.springframework.data.relational.core.mapping.Table.
2024-02-23T16:59:07.440+01:00  INFO 28628 --- [main] .RepositoryConfigurationExtensionSupport : Spring Data JDBC - Could not safely identify store assignment for repository candidate interface ProjetFilRougeEquipe.ProjetFilRougeEquipe.repositories.TableRepository; If you want this repository to be a JDBC repository, consider annotating your entities with one of these annotations: org.springframework.data.relational.core.mapping.Table.
2024-02-23T16:59:07.441+01:00  INFO 28628 --- [main] .s.d.r.c.RepositoryConfigurationDelegate : Finished Spring Data repository scanning in 19 ms. Found 0 JDBC repository interfaces.
2024-02-23T16:59:07.446+01:00  INFO 28628 --- [main] .s.d.r.c.RepositoryConfigurationDelegate : Multiple Spring Data modules found, entering strict repository configuration mode
2024-02-23T16:59:07.447+01:00  INFO 28628 --- [main] .s.d.r.c.RepositoryConfigurationDelegate : Bootstrapping Spring Data JPA repositories in DEFAULT mode.
2024-02-23T16:59:07.460+01:00  INFO 28628 --- [main] .s.d.r.c.RepositoryConfigurationDelegate : Finished Spring Data repository scanning in 11 ms. Found 4 JPA repository interfaces.
2024-02-23T16:59:07.736+01:00  INFO 28628 --- [main] o.s.b.w.embedded.tomcat.TomcatWebServer  : Tomcat initialized with port 8080 (http)
2024-02-23T16:59:07.745+01:00  INFO 28628 --- [main] o.apache.catalina.core.StandardService   : Starting service [Tomcat]
2024-02-23T16:59:07.745+01:00  INFO 28628 --- [main] o.apache.catalina.core.StandardEngine    : Starting Servlet engine: [Apache Tomcat/10.1.18]
2024-02-23T16:59:07.785+01:00  INFO 28628 --- [main] o.a.c.c.C.[Tomcat].[localhost].[/]       : Initializing Spring embedded WebApplicationContext
2024-02-23T16:59:07.786+01:00  INFO 28628 --- [main] w.s.c.ServletWebServerApplicationContext : Root WebApplicationContext: initialization completed in 737 ms
2024-02-23T16:59:07.917+01:00  INFO 28628 --- [main] o.hibernate.jpa.internal.util.LogHelper  : HHH000204: Processing PersistenceUnitInfo [name: default]
2024-02-23T16:59:07.947+01:00  INFO 28628 --- [main] org.hibernate.Version                    : HHH000412: Hibernate ORM core version 6.4.1.Final
2024-02-23T16:59:07.965+01:00  INFO 28628 --- [main] o.h.c.internal.RegionFactoryInitiator    : HHH000026: Second-level cache disabled
2024-02-23T16:59:08.088+01:00  INFO 28628 --- [main] o.s.o.j.p.SpringPersistenceUnitInfo      : No LoadTimeWeaver setup: ignoring JPA class transformer
2024-02-23T16:59:08.103+01:00  INFO 28628 --- [main] com.zaxxer.hikari.HikariDataSource       : HikariPool-1 - Starting...
2024-02-23T16:59:08.262+01:00  INFO 28628 --- [main] com.zaxxer.hikari.pool.HikariPool        : HikariPool-1 - Added connection ConnectionID:1 ClientConnectionId: aa08ae39-7660-499d-88ea-07f9b4396c3f
2024-02-23T16:59:08.264+01:00  INFO 28628 --- [main] com.zaxxer.hikari.HikariDataSource       : HikariPool-1 - Start completed.
2024-02-23T16:59:08.881+01:00  INFO 28628 --- [main] o.h.e.t.j.p.i.JtaPlatformInitiator       : HHH000489: No JTA platform available (set 'hibernate.transaction.jta.platform' to enable JTA platform integration)
2024-02-23T16:59:08.883+01:00  INFO 28628 --- [main] j.LocalContainerEntityManagerFactoryBean : Initialized JPA EntityManagerFactory for persistence unit 'default'
2024-02-23T16:59:09.139+01:00  WARN 28628 --- [main] JpaBaseConfiguration$JpaWebConfiguration : spring.jpa.open-in-view is enabled by default. Therefore, database queries may be performed during view rendering. Explicitly configure spring.jpa.open-in-view to disable this warning
2024-02-23T16:59:09.355+01:00  WARN 28628 --- [main] o.s.data.convert.CustomConversions       : Registering converter from class microsoft.sql.DateTimeOffset to class java.time.OffsetDateTime as reading converter although it doesn't convert from a store-supported type; You might want to check your annotation setup at the converter implementation
2024-02-23T16:59:09.414+01:00  INFO 28628 --- [main] o.s.b.w.embedded.tomcat.TomcatWebServer  : Tomcat started on port 8080 (http) with context path ''
2024-02-23T16:59:09.421+01:00  INFO 28628 --- [main] P.P.ProjetFilRougeEquipeApplication      : Started ProjetFilRougeEquipeApplication in 2.643 seconds (process running for 2.88)
2024-02-23T16:59:09.423+01:00  INFO 28628 --- [main] P.P.ProjetFilRougeEquipeApplication      : Message informatif
2024-02-23T16:59:09.423+01:00  WARN 28628 --- [main] P.P.ProjetFilRougeEquipeApplication      : Message d'avertissement
2024-02-23T16:59:18.445+01:00  INFO 28628 --- [http-nio-8080-exec-1] o.a.c.c.C.[Tomcat].[localhost].[/]       : Initializing Spring DispatcherServlet 'dispatcherServlet'
2024-02-23T16:59:18.446+01:00  INFO 28628 --- [http-nio-8080-exec-1] o.s.web.servlet.DispatcherServlet        : Initializing Servlet 'dispatcherServlet'
2024-02-23T16:59:18.447+01:00  INFO 28628 --- [http-nio-8080-exec-1] o.s.web.servlet.DispatcherServlet        : Completed initialization in 1 ms
2024-02-23T16:59:18.956+01:00  INFO 28628 --- [http-nio-8080-exec-4] o.springdoc.api.AbstractOpenApiResource  : Init duration for springdoc-openapi is: 323 ms
